<?xml version="1.0" encoding="UTF-8"?>
<testsuite name="org.cloudbus.cloudsim.CloudletTest" tests="6" skipped="0" failures="0" errors="0" timestamp="2023-10-04T13:00:40" hostname="x1" time="0.006">
  <properties/>
  <testcase name="testGetUtilizationOfBw" classname="org.cloudbus.cloudsim.CloudletTest" time="0.002"/>
  <testcase name="testCloudletAlternativeConstructor1" classname="org.cloudbus.cloudsim.CloudletTest" time="0.0"/>
  <testcase name="testCloudletAlternativeConstructor2" classname="org.cloudbus.cloudsim.CloudletTest" time="0.0"/>
  <testcase name="testCloudlet" classname="org.cloudbus.cloudsim.CloudletTest" time="0.001"/>
  <testcase name="testGetUtilizationOfCpu" classname="org.cloudbus.cloudsim.CloudletTest" time="0.0"/>
  <testcase name="testGetUtilizationOfRam" classname="org.cloudbus.cloudsim.CloudletTest" time="0.0"/>
  <system-out><![CDATA[]]></system-out>
  <system-err><![CDATA[]]></system-err>
</testsuite>
