<?xml version="1.0" encoding="UTF-8"?>
<testsuite name="org.cloudbus.cloudsim.power.PowerVmSelectionPolicyMaximumCorrelationTest" tests="1" skipped="0" failures="0" errors="0" timestamp="2023-10-04T13:00:40" hostname="x1" time="0.135">
  <properties/>
  <testcase name="testGetPowerModel" classname="org.cloudbus.cloudsim.power.PowerVmSelectionPolicyMaximumCorrelationTest" time="0.135"/>
  <system-out><![CDATA[]]></system-out>
  <system-err><![CDATA[]]></system-err>
</testsuite>
