<?xml version="1.0" encoding="UTF-8"?>
<testsuite name="org.cloudbus.cloudsim.power.PowerHostTest" tests="2" skipped="0" failures="0" errors="0" timestamp="2023-10-04T13:00:40" hostname="x1" time="0.002">
  <properties/>
  <testcase name="testGetEnergy" classname="org.cloudbus.cloudsim.power.PowerHostTest" time="0.002"/>
  <testcase name="testGetMaxPower" classname="org.cloudbus.cloudsim.power.PowerHostTest" time="0.0"/>
  <system-out><![CDATA[]]></system-out>
  <system-err><![CDATA[]]></system-err>
</testsuite>
