<?xml version="1.0" encoding="UTF-8"?>
<testsuite name="org.cloudbus.cloudsim.util.MathUtilTest" tests="5" skipped="0" failures="0" errors="0" timestamp="2023-10-04T13:00:41" hostname="x1" time="0.045">
  <properties/>
  <testcase name="testTrimZeroTail" classname="org.cloudbus.cloudsim.util.MathUtilTest" time="0.005"/>
  <testcase name="testIqr" classname="org.cloudbus.cloudsim.util.MathUtilTest" time="0.0"/>
  <testcase name="testMad" classname="org.cloudbus.cloudsim.util.MathUtilTest" time="0.038"/>
  <testcase name="testSum" classname="org.cloudbus.cloudsim.util.MathUtilTest" time="0.0"/>
  <testcase name="testCountNonZeroBeginning" classname="org.cloudbus.cloudsim.util.MathUtilTest" time="0.0"/>
  <system-out><![CDATA[]]></system-out>
  <system-err><![CDATA[]]></system-err>
</testsuite>
