<?xml version="1.0" encoding="UTF-8"?>
<testsuite name="org.cloudbus.cloudsim.lists.PeListTest" tests="7" skipped="0" failures="0" errors="0" timestamp="2023-10-04T13:00:40" hostname="x1" time="0.007">
  <properties/>
  <testcase name="testGetMaxUtilizationAmongVmsPes" classname="org.cloudbus.cloudsim.lists.PeListTest" time="0.001"/>
  <testcase name="testGetMaxUtilization" classname="org.cloudbus.cloudsim.lists.PeListTest" time="0.0"/>
  <testcase name="testGetMips" classname="org.cloudbus.cloudsim.lists.PeListTest" time="0.0"/>
  <testcase name="testSetStatusFailed" classname="org.cloudbus.cloudsim.lists.PeListTest" time="0.0"/>
  <testcase name="testGetTotalMips" classname="org.cloudbus.cloudsim.lists.PeListTest" time="0.0"/>
  <testcase name="testSetPeStatus" classname="org.cloudbus.cloudsim.lists.PeListTest" time="0.003"/>
  <testcase name="testFreePe" classname="org.cloudbus.cloudsim.lists.PeListTest" time="0.001"/>
  <system-out><![CDATA[]]></system-out>
  <system-err><![CDATA[]]></system-err>
</testsuite>
