<?xml version="1.0" encoding="UTF-8"?>
<testsuite name="org.cloudbus.cloudsim.provisioners.RamProvisionerSimpleTest" tests="5" skipped="0" failures="0" errors="0" timestamp="2023-10-04T13:00:41" hostname="x1" time="0.003">
  <properties/>
  <testcase name="testGetAllocatedRamForVm" classname="org.cloudbus.cloudsim.provisioners.RamProvisionerSimpleTest" time="0.001"/>
  <testcase name="testGetAvailableRam" classname="org.cloudbus.cloudsim.provisioners.RamProvisionerSimpleTest" time="0.0"/>
  <testcase name="testDeallocateBwForVm" classname="org.cloudbus.cloudsim.provisioners.RamProvisionerSimpleTest" time="0.0"/>
  <testcase name="testGetRam" classname="org.cloudbus.cloudsim.provisioners.RamProvisionerSimpleTest" time="0.001"/>
  <testcase name="testAllocateRamForVm" classname="org.cloudbus.cloudsim.provisioners.RamProvisionerSimpleTest" time="0.0"/>
  <system-out><![CDATA[]]></system-out>
  <system-err><![CDATA[]]></system-err>
</testsuite>
