<?xml version="1.0" encoding="UTF-8"?>
<testsuite name="org.cloudbus.cloudsim.power.models.PowerModelSpecPowerIbmX3550XeonX5675Test" tests="3" skipped="0" failures="0" errors="0" timestamp="2023-10-04T13:00:41" hostname="x1" time="0.004">
  <properties/>
  <testcase name="testGetPowerArgumentLessThenZero" classname="org.cloudbus.cloudsim.power.models.PowerModelSpecPowerIbmX3550XeonX5675Test" time="0.003"/>
  <testcase name="testGetPower" classname="org.cloudbus.cloudsim.power.models.PowerModelSpecPowerIbmX3550XeonX5675Test" time="0.0"/>
  <testcase name="testGetPowerArgumentLargerThenOne" classname="org.cloudbus.cloudsim.power.models.PowerModelSpecPowerIbmX3550XeonX5675Test" time="0.001"/>
  <system-out><![CDATA[]]></system-out>
  <system-err><![CDATA[]]></system-err>
</testsuite>
