<?xml version="1.0" encoding="UTF-8"?>
<testsuite name="org.cloudbus.cloudsim.provisioners.PeProvisionerSimpleTest" tests="7" skipped="0" failures="0" errors="0" timestamp="2023-10-04T13:00:41" hostname="x1" time="0.004">
  <properties/>
  <testcase name="testGetTotalAllocatedMips" classname="org.cloudbus.cloudsim.provisioners.PeProvisionerSimpleTest" time="0.001"/>
  <testcase name="testGetMips" classname="org.cloudbus.cloudsim.provisioners.PeProvisionerSimpleTest" time="0.0"/>
  <testcase name="testGetAvailableMips" classname="org.cloudbus.cloudsim.provisioners.PeProvisionerSimpleTest" time="0.001"/>
  <testcase name="testAllocateMipsForVm" classname="org.cloudbus.cloudsim.provisioners.PeProvisionerSimpleTest" time="0.0"/>
  <testcase name="testDeallocateMipsForVM" classname="org.cloudbus.cloudsim.provisioners.PeProvisionerSimpleTest" time="0.001"/>
  <testcase name="testGetAllocatedMipsForVm" classname="org.cloudbus.cloudsim.provisioners.PeProvisionerSimpleTest" time="0.001"/>
  <testcase name="testGetUtilization" classname="org.cloudbus.cloudsim.provisioners.PeProvisionerSimpleTest" time="0.0"/>
  <system-out><![CDATA[]]></system-out>
  <system-err><![CDATA[]]></system-err>
</testsuite>
