<?xml version="1.0" encoding="UTF-8"?>
<testsuite name="org.cloudbus.cloudsim.provisioners.BwProvisionerSimpleTest" tests="5" skipped="0" failures="0" errors="0" timestamp="2023-10-04T13:00:41" hostname="x1" time="0.002">
  <properties/>
  <testcase name="testGetBw" classname="org.cloudbus.cloudsim.provisioners.BwProvisionerSimpleTest" time="0.0"/>
  <testcase name="testGetAllocatedBwforVm" classname="org.cloudbus.cloudsim.provisioners.BwProvisionerSimpleTest" time="0.0"/>
  <testcase name="testAllocateBwforVm" classname="org.cloudbus.cloudsim.provisioners.BwProvisionerSimpleTest" time="0.0"/>
  <testcase name="testDeallocateBwForVm" classname="org.cloudbus.cloudsim.provisioners.BwProvisionerSimpleTest" time="0.0"/>
  <testcase name="testGetAvailableBw" classname="org.cloudbus.cloudsim.provisioners.BwProvisionerSimpleTest" time="0.0"/>
  <system-out><![CDATA[]]></system-out>
  <system-err><![CDATA[]]></system-err>
</testsuite>
