<?xml version="1.0" encoding="UTF-8"?>
<testsuite name="org.cloudbus.cloudsim.lists.VmListTest" tests="2" skipped="0" failures="0" errors="0" timestamp="2023-10-04T13:00:40" hostname="x1" time="0.003">
  <properties/>
  <testcase name="testGetVMbyID" classname="org.cloudbus.cloudsim.lists.VmListTest" time="0.002"/>
  <testcase name="testGetVMByIdAndUserId" classname="org.cloudbus.cloudsim.lists.VmListTest" time="0.001"/>
  <system-out><![CDATA[]]></system-out>
  <system-err><![CDATA[]]></system-err>
</testsuite>
