<?xml version="1.0" encoding="UTF-8"?>
<testsuite name="org.cloudbus.cloudsim.power.models.PowerModelCubicTest" tests="5" skipped="1" failures="0" errors="0" timestamp="2023-10-04T13:00:41" hostname="x1" time="0.003">
  <properties/>
  <testcase name="testGetPowerArgumentLessThenZero" classname="org.cloudbus.cloudsim.power.models.PowerModelCubicTest" time="0.001"/>
  <testcase name="testGetPower" classname="org.cloudbus.cloudsim.power.models.PowerModelCubicTest" time="0.0"/>
  <testcase name="testPrintPower" classname="org.cloudbus.cloudsim.power.models.PowerModelCubicTest" time="0.0">
    <skipped/>
  </testcase>
  <testcase name="testGetMaxPower" classname="org.cloudbus.cloudsim.power.models.PowerModelCubicTest" time="0.0"/>
  <testcase name="testGetPowerArgumentLargerThenOne" classname="org.cloudbus.cloudsim.power.models.PowerModelCubicTest" time="0.0"/>
  <system-out><![CDATA[]]></system-out>
  <system-err><![CDATA[]]></system-err>
</testsuite>
