<?xml version="1.0" encoding="UTF-8"?>
<testsuite name="org.cloudbus.cloudsim.util.WorkloadFileReaderTest" tests="1" skipped="0" failures="0" errors="0" timestamp="2023-10-04T13:00:41" hostname="x1" time="1.388">
  <properties/>
  <testcase name="read" classname="org.cloudbus.cloudsim.util.WorkloadFileReaderTest" time="1.388"/>
  <system-out><![CDATA[]]></system-out>
  <system-err><![CDATA[]]></system-err>
</testsuite>
